# JRE version: OpenJDK Runtime Environment (22.0+36) (build 22+36-2370)
# Java VM: OpenJDK 64-Bit Server VM (22+36-2370, mixed mode, sharing, tiered, compressed oops, compressed class ptrs, g1 gc, windows-amd64)
GC Precious Log:
 CardTable entry size: 512
 Card Set container configuration: InlinePtr #cards 5 size 8 Array Of Cards #cards 12 size 40 Howl #buckets 4 coarsen threshold 1843 Howl Bitmap #cards 512 size 80 coarsen threshold 460 Card regions per heap region 1 cards per card region 2048
 CPUs: 4 total, 4 available
 Memory: 7834M
 Large Page Support: Disabled
 NUMA Support: Disabled
 Compressed Oops: Enabled (32-bit)
 Heap Region Size: 1M
 Heap Min Capacity: 8M
 Heap Initial Capacity: 124M
 Heap Max Capacity: 1960M
 Pre-touch: Disabled
 Parallel Workers: 4
 Concurrent Workers: 1
 Concurrent Refinement Workers: 4
 Periodic GC: Disabled
Heap:
 garbage-first heap   total reserved 2007040K, committed 79872K, used 64986K [0x0000000085800000, 0x0000000100000000)
  region size 1024K, 31 young (31744K), 1 survivors (1024K)
 Metaspace       used 85736K, committed 86400K, reserved 1179648K
  class space    used 11252K, committed 11584K, reserved 1048576K
GC Heap History (20 events):
Event: 6636.914 GC heap before
{Heap before GC invocations=118 (full 0):
 garbage-first heap   total reserved 2007040K, committed 79872K, used 71073K [0x0000000085800000, 0x0000000100000000)
  region size 1024K, 37 young (37888K), 1 survivors (1024K)
 Metaspace       used 85724K, committed 86400K, reserved 1179648K
  class space    used 11250K, committed 11584K, reserved 1048576K
}
Event: 6636.918 GC heap after
{Heap after GC invocations=119 (full 0):
 garbage-first heap   total reserved 2007040K, committed 79872K, used 35259K [0x0000000085800000, 0x0000000100000000)
  region size 1024K, 1 young (1024K), 1 survivors (1024K)
 Metaspace       used 85724K, committed 86400K, reserved 1179648K
  class space    used 11250K, committed 11584K, reserved 1048576K
}
Event: 6639.539 GC heap before
{Heap before GC invocations=120 (full 0):
 garbage-first heap   total reserved 2007040K, committed 79872K, used 71099K [0x0000000085800000, 0x0000000100000000)
  region size 1024K, 37 young (37888K), 1 survivors (1024K)
 Metaspace       used 85724K, committed 86400K, reserved 1179648K
  class space    used 11250K, committed 11584K, reserved 1048576K
}
Event: 6639.541 GC heap after
{Heap after GC invocations=121 (full 0):
 garbage-first heap   total reserved 2007040K, committed 79872K, used 35234K [0x0000000085800000, 0x0000000100000000)
  region size 1024K, 1 young (1024K), 1 survivors (1024K)
 Metaspace       used 85724K, committed 86400K, reserved 1179648K
  class space    used 11250K, committed 11584K, reserved 1048576K
}
Event: 6641.277 GC heap before
{Heap before GC invocations=121 (full 0):
 garbage-first heap   total reserved 2007040K, committed 79872K, used 71074K [0x0000000085800000, 0x0000000100000000)
  region size 1024K, 37 young (37888K), 1 survivors (1024K)
 Metaspace       used 85725K, committed 86400K, reserved 1179648K
  class space    used 11250K, committed 11584K, reserved 1048576K
}
Event: 6641.279 GC heap after
{Heap after GC invocations=122 (full 0):
 garbage-first heap   total reserved 2007040K, committed 79872K, used 35261K [0x0000000085800000, 0x0000000100000000)
  region size 1024K, 1 young (1024K), 1 survivors (1024K)
 Metaspace       used 85725K, committed 86400K, reserved 1179648K
  class space    used 11250K, committed 11584K, reserved 1048576K
}
Event: 6642.912 GC heap before
{Heap before GC invocations=123 (full 0):
 garbage-first heap   total reserved 2007040K, committed 79872K, used 71101K [0x0000000085800000, 0x0000000100000000)
  region size 1024K, 37 young (37888K), 1 survivors (1024K)
 Metaspace       used 85725K, committed 86400K, reserved 1179648K
  class space    used 11250K, committed 11584K, reserved 1048576K
}
Event: 6642.913 GC heap after
{Heap after GC invocations=124 (full 0):
 garbage-first heap   total reserved 2007040K, committed 79872K, used 35275K [0x0000000085800000, 0x0000000100000000)
  region size 1024K, 1 young (1024K), 1 survivors (1024K)
 Metaspace       used 85725K, committed 86400K, reserved 1179648K
  class space    used 11250K, committed 11584K, reserved 1048576K
}
Event: 6645.752 GC heap before
{Heap before GC invocations=124 (full 0):
 garbage-first heap   total reserved 2007040K, committed 79872K, used 72139K [0x0000000085800000, 0x0000000100000000)
  region size 1024K, 37 young (37888K), 1 survivors (1024K)
 Metaspace       used 85727K, committed 86400K, reserved 1179648K
  class space    used 11251K, committed 11584K, reserved 1048576K
}
Event: 6645.754 GC heap after
{Heap after GC invocations=125 (full 0):
 garbage-first heap   total reserved 2007040K, committed 79872K, used 35260K [0x0000000085800000, 0x0000000100000000)
  region size 1024K, 1 young (1024K), 1 survivors (1024K)
 Metaspace       used 85727K, committed 86400K, reserved 1179648K
  class space    used 11251K, committed 11584K, reserved 1048576K
}
Event: 6648.632 GC heap before
{Heap before GC invocations=126 (full 0):
 garbage-first heap   total reserved 2007040K, committed 79872K, used 71100K [0x0000000085800000, 0x0000000100000000)
  region size 1024K, 37 young (37888K), 1 survivors (1024K)
 Metaspace       used 85727K, committed 86400K, reserved 1179648K
  class space    used 11251K, committed 11584K, reserved 1048576K
}
Event: 6648.633 GC heap after
{Heap after GC invocations=127 (full 0):
 garbage-first heap   total reserved 2007040K, committed 79872K, used 35310K [0x0000000085800000, 0x0000000100000000)
  region size 1024K, 1 young (1024K), 1 survivors (1024K)
 Metaspace       used 85727K, committed 86400K, reserved 1179648K
  class space    used 11251K, committed 11584K, reserved 1048576K
}
Event: 6651.238 GC heap before
{Heap before GC invocations=127 (full 0):
 garbage-first heap   total reserved 2007040K, committed 79872K, used 71150K [0x0000000085800000, 0x0000000100000000)
  region size 1024K, 37 young (37888K), 1 survivors (1024K)
 Metaspace       used 85727K, committed 86400K, reserved 1179648K
  class space    used 11251K, committed 11584K, reserved 1048576K
}
Event: 6651.240 GC heap after
{Heap after GC invocations=128 (full 0):
 garbage-first heap   total reserved 2007040K, committed 79872K, used 35296K [0x0000000085800000, 0x0000000100000000)
  region size 1024K, 1 young (1024K), 1 survivors (1024K)
 Metaspace       used 85727K, committed 86400K, reserved 1179648K
  class space    used 11251K, committed 11584K, reserved 1048576K
}
Event: 6652.804 GC heap before
{Heap before GC invocations=129 (full 0):
 garbage-first heap   total reserved 2007040K, committed 79872K, used 71136K [0x0000000085800000, 0x0000000100000000)
  region size 1024K, 37 young (37888K), 1 survivors (1024K)
 Metaspace       used 85736K, committed 86400K, reserved 1179648K
  class space    used 11252K, committed 11584K, reserved 1048576K
}
Event: 6652.805 GC heap after
{Heap after GC invocations=130 (full 0):
 garbage-first heap   total reserved 2007040K, committed 79872K, used 35306K [0x0000000085800000, 0x0000000100000000)
  region size 1024K, 1 young (1024K), 1 survivors (1024K)
 Metaspace       used 85736K, committed 86400K, reserved 1179648K
  class space    used 11252K, committed 11584K, reserved 1048576K
}
Event: 6654.512 GC heap before
{Heap before GC invocations=130 (full 0):
 garbage-first heap   total reserved 2007040K, committed 79872K, used 71146K [0x0000000085800000, 0x0000000100000000)
  region size 1024K, 37 young (37888K), 1 survivors (1024K)
 Metaspace       used 85736K, committed 86400K, reserved 1179648K
  class space    used 11252K, committed 11584K, reserved 1048576K
}
Event: 6654.513 GC heap after
{Heap after GC invocations=131 (full 0):
 garbage-first heap   total reserved 2007040K, committed 79872K, used 35332K [0x0000000085800000, 0x0000000100000000)
  region size 1024K, 1 young (1024K), 1 survivors (1024K)
 Metaspace       used 85736K, committed 86400K, reserved 1179648K
  class space    used 11252K, committed 11584K, reserved 1048576K
}
Event: 6656.189 GC heap before
{Heap before GC invocations=132 (full 0):
 garbage-first heap   total reserved 2007040K, committed 79872K, used 71172K [0x0000000085800000, 0x0000000100000000)
  region size 1024K, 37 young (37888K), 1 survivors (1024K)
 Metaspace       used 85736K, committed 86400K, reserved 1179648K
  class space    used 11252K, committed 11584K, reserved 1048576K
}
Event: 6656.190 GC heap after
{Heap after GC invocations=133 (full 0):
 garbage-first heap   total reserved 2007040K, committed 79872K, used 35290K [0x0000000085800000, 0x0000000100000000)
  region size 1024K, 1 young (1024K), 1 survivors (1024K)
 Metaspace       used 85736K, committed 86400K, reserved 1179648K
  class space    used 11252K, committed 11584K, reserved 1048576K
}

