# JRE version: OpenJDK Runtime Environment (22.0+36) (build 22+36-2370)
# Java VM: OpenJDK 64-Bit Server VM (22+36-2370, mixed mode, sharing, tiered, compressed oops, compressed class ptrs, g1 gc, windows-amd64)
GC Precious Log:
 CardTable entry size: 512
 Card Set container configuration: InlinePtr #cards 5 size 8 Array Of Cards #cards 12 size 40 Howl #buckets 4 coarsen threshold 1843 Howl Bitmap #cards 512 size 80 coarsen threshold 460 Card regions per heap region 1 cards per card region 2048
 CPUs: 4 total, 4 available
 Memory: 7834M
 Large Page Support: Disabled
 NUMA Support: Disabled
 Compressed Oops: Enabled (32-bit)
 Heap Region Size: 1M
 Heap Min Capacity: 8M
 Heap Initial Capacity: 124M
 Heap Max Capacity: 1960M
 Pre-touch: Disabled
 Parallel Workers: 4
 Concurrent Workers: 1
 Concurrent Refinement Workers: 4
 Periodic GC: Disabled
Heap:
 garbage-first heap   total reserved 2007040K, committed 81920K, used 55750K [0x0000000085800000, 0x0000000100000000)
  region size 1024K, 20 young (20480K), 1 survivors (1024K)
 Metaspace       used 85494K, committed 86272K, reserved 1179648K
  class space    used 11293K, committed 11648K, reserved 1048576K
GC Heap History (20 events):
Event: 125.851 GC heap before
{Heap before GC invocations=93 (full 0):
 garbage-first heap   total reserved 2007040K, committed 81920K, used 74141K [0x0000000085800000, 0x0000000100000000)
  region size 1024K, 38 young (38912K), 1 survivors (1024K)
 Metaspace       used 85490K, committed 86272K, reserved 1179648K
  class space    used 11293K, committed 11648K, reserved 1048576K
}
Event: 125.852 GC heap after
{Heap after GC invocations=94 (full 0):
 garbage-first heap   total reserved 2007040K, committed 81920K, used 37253K [0x0000000085800000, 0x0000000100000000)
  region size 1024K, 1 young (1024K), 1 survivors (1024K)
 Metaspace       used 85490K, committed 86272K, reserved 1179648K
  class space    used 11293K, committed 11648K, reserved 1048576K
}
Event: 127.171 GC heap before
{Heap before GC invocations=95 (full 0):
 garbage-first heap   total reserved 2007040K, committed 81920K, used 74117K [0x0000000085800000, 0x0000000100000000)
  region size 1024K, 38 young (38912K), 1 survivors (1024K)
 Metaspace       used 85492K, committed 86272K, reserved 1179648K
  class space    used 11293K, committed 11648K, reserved 1048576K
}
Event: 127.172 GC heap after
{Heap after GC invocations=96 (full 0):
 garbage-first heap   total reserved 2007040K, committed 81920K, used 37308K [0x0000000085800000, 0x0000000100000000)
  region size 1024K, 1 young (1024K), 1 survivors (1024K)
 Metaspace       used 85492K, committed 86272K, reserved 1179648K
  class space    used 11293K, committed 11648K, reserved 1048576K
}
Event: 127.725 GC heap before
{Heap before GC invocations=96 (full 0):
 garbage-first heap   total reserved 2007040K, committed 81920K, used 74172K [0x0000000085800000, 0x0000000100000000)
  region size 1024K, 38 young (38912K), 1 survivors (1024K)
 Metaspace       used 85492K, committed 86272K, reserved 1179648K
  class space    used 11293K, committed 11648K, reserved 1048576K
}
Event: 127.726 GC heap after
{Heap after GC invocations=97 (full 0):
 garbage-first heap   total reserved 2007040K, committed 81920K, used 37324K [0x0000000085800000, 0x0000000100000000)
  region size 1024K, 1 young (1024K), 1 survivors (1024K)
 Metaspace       used 85492K, committed 86272K, reserved 1179648K
  class space    used 11293K, committed 11648K, reserved 1048576K
}
Event: 128.469 GC heap before
{Heap before GC invocations=98 (full 0):
 garbage-first heap   total reserved 2007040K, committed 81920K, used 74188K [0x0000000085800000, 0x0000000100000000)
  region size 1024K, 38 young (38912K), 1 survivors (1024K)
 Metaspace       used 85492K, committed 86272K, reserved 1179648K
  class space    used 11293K, committed 11648K, reserved 1048576K
}
Event: 128.470 GC heap after
{Heap after GC invocations=99 (full 0):
 garbage-first heap   total reserved 2007040K, committed 81920K, used 37289K [0x0000000085800000, 0x0000000100000000)
  region size 1024K, 1 young (1024K), 1 survivors (1024K)
 Metaspace       used 85492K, committed 86272K, reserved 1179648K
  class space    used 11293K, committed 11648K, reserved 1048576K
}
Event: 129.186 GC heap before
{Heap before GC invocations=99 (full 0):
 garbage-first heap   total reserved 2007040K, committed 81920K, used 74153K [0x0000000085800000, 0x0000000100000000)
  region size 1024K, 38 young (38912K), 1 survivors (1024K)
 Metaspace       used 85493K, committed 86272K, reserved 1179648K
  class space    used 11293K, committed 11648K, reserved 1048576K
}
Event: 129.188 GC heap after
{Heap after GC invocations=100 (full 0):
 garbage-first heap   total reserved 2007040K, committed 81920K, used 37272K [0x0000000085800000, 0x0000000100000000)
  region size 1024K, 1 young (1024K), 1 survivors (1024K)
 Metaspace       used 85493K, committed 86272K, reserved 1179648K
  class space    used 11293K, committed 11648K, reserved 1048576K
}
Event: 129.857 GC heap before
{Heap before GC invocations=101 (full 0):
 garbage-first heap   total reserved 2007040K, committed 81920K, used 74136K [0x0000000085800000, 0x0000000100000000)
  region size 1024K, 38 young (38912K), 1 survivors (1024K)
 Metaspace       used 85493K, committed 86272K, reserved 1179648K
  class space    used 11293K, committed 11648K, reserved 1048576K
}
Event: 129.858 GC heap after
{Heap after GC invocations=102 (full 0):
 garbage-first heap   total reserved 2007040K, committed 81920K, used 37320K [0x0000000085800000, 0x0000000100000000)
  region size 1024K, 1 young (1024K), 1 survivors (1024K)
 Metaspace       used 85493K, committed 86272K, reserved 1179648K
  class space    used 11293K, committed 11648K, reserved 1048576K
}
Event: 130.533 GC heap before
{Heap before GC invocations=102 (full 0):
 garbage-first heap   total reserved 2007040K, committed 81920K, used 74184K [0x0000000085800000, 0x0000000100000000)
  region size 1024K, 38 young (38912K), 1 survivors (1024K)
 Metaspace       used 85493K, committed 86272K, reserved 1179648K
  class space    used 11293K, committed 11648K, reserved 1048576K
}
Event: 130.535 GC heap after
{Heap after GC invocations=103 (full 0):
 garbage-first heap   total reserved 2007040K, committed 81920K, used 37333K [0x0000000085800000, 0x0000000100000000)
  region size 1024K, 1 young (1024K), 1 survivors (1024K)
 Metaspace       used 85493K, committed 86272K, reserved 1179648K
  class space    used 11293K, committed 11648K, reserved 1048576K
}
Event: 131.143 GC heap before
{Heap before GC invocations=104 (full 0):
 garbage-first heap   total reserved 2007040K, committed 81920K, used 74197K [0x0000000085800000, 0x0000000100000000)
  region size 1024K, 38 young (38912K), 1 survivors (1024K)
 Metaspace       used 85494K, committed 86272K, reserved 1179648K
  class space    used 11293K, committed 11648K, reserved 1048576K
}
Event: 131.144 GC heap after
{Heap after GC invocations=105 (full 0):
 garbage-first heap   total reserved 2007040K, committed 81920K, used 37327K [0x0000000085800000, 0x0000000100000000)
  region size 1024K, 1 young (1024K), 1 survivors (1024K)
 Metaspace       used 85494K, committed 86272K, reserved 1179648K
  class space    used 11293K, committed 11648K, reserved 1048576K
}
Event: 131.636 GC heap before
{Heap before GC invocations=105 (full 0):
 garbage-first heap   total reserved 2007040K, committed 81920K, used 74191K [0x0000000085800000, 0x0000000100000000)
  region size 1024K, 38 young (38912K), 1 survivors (1024K)
 Metaspace       used 85494K, committed 86272K, reserved 1179648K
  class space    used 11293K, committed 11648K, reserved 1048576K
}
Event: 131.637 GC heap after
{Heap after GC invocations=106 (full 0):
 garbage-first heap   total reserved 2007040K, committed 81920K, used 37328K [0x0000000085800000, 0x0000000100000000)
  region size 1024K, 1 young (1024K), 1 survivors (1024K)
 Metaspace       used 85494K, committed 86272K, reserved 1179648K
  class space    used 11293K, committed 11648K, reserved 1048576K
}
Event: 132.147 GC heap before
{Heap before GC invocations=107 (full 0):
 garbage-first heap   total reserved 2007040K, committed 81920K, used 74192K [0x0000000085800000, 0x0000000100000000)
  region size 1024K, 38 young (38912K), 1 survivors (1024K)
 Metaspace       used 85494K, committed 86272K, reserved 1179648K
  class space    used 11293K, committed 11648K, reserved 1048576K
}
Event: 132.149 GC heap after
{Heap after GC invocations=108 (full 0):
 garbage-first heap   total reserved 2007040K, committed 81920K, used 37318K [0x0000000085800000, 0x0000000100000000)
  region size 1024K, 1 young (1024K), 1 survivors (1024K)
 Metaspace       used 85494K, committed 86272K, reserved 1179648K
  class space    used 11293K, committed 11648K, reserved 1048576K
}

