<?xml version="1.0" encoding="UTF-8"?>
<testsuite xmlns:xsi="http://www.w3.org/2001/XMLSchema-instance" xsi:noNamespaceSchemaLocation="https://maven.apache.org/surefire/maven-surefire-plugin/xsd/surefire-test-report-3.0.xsd" version="3.0" name="com.sundar.OnlineFoodOrderingApplicationTests" time="11.244" tests="1" errors="0" skipped="0" failures="0">
  <properties>
[...]
</properties>
  <testcase name="contextLoads" classname="com.sundar.OnlineFoodOrderingApplicationTests" time="0.961">
    <system-out><![CDATA[13:33:09.661 [main] INFO org.springframework.test.context.support.AnnotationConfigContextLoaderUtils -- Could not detect default configuration classes for test class [com.sundar.OnlineFoodOrderingApplicationTests]: OnlineFoodOrderingApplicationTests does not declare any static, non-private, non-final, nested classes annotated with @Configuration.
13:33:09.837 [main] INFO org.springframework.boot.test.context.SpringBootTestContextBootstrapper -- Found @SpringBootConfiguration com.sundar.OnlineFoodOrderingApplication for test class com.sundar.OnlineFoodOrderingApplicationTests
13:33:10.229 [main] INFO org.springframework.boot.devtools.restart.RestartApplicationListener -- Restart disabled due to context in which it is running

  .   ____          _            __ _ _
 /\\ / ___'_ __ _ _(_)_ __  __ _ \ \ \ \
( ( )\___ | '_ | '_| | '_ \/ _` | \ \ \ \
 \\/  ___)| |_)| | | | | || (_| |  ) ) ) )
  '  |____| .__|_| |_|_| |_\__, | / / / /
 =========|_|==============|___/=/_/_/_/
 :: Spring Boot ::                (v3.2.4)

2024-04-27T13:33:10.985+05:30  INFO 83212 --- [Online-Food-Ordering] [           main] c.s.OnlineFoodOrderingApplicationTests   : Starting OnlineFoodOrderingApplicationTests using Java 22 with PID 83212 (started by SUNDAR in D:\Full Stack Project New\Online-Food-Ordering)
2024-04-27T13:33:10.989+05:30  INFO 83212 --- [Online-Food-Ordering] [           main] c.s.OnlineFoodOrderingApplicationTests   : No active profile set, falling back to 1 default profile: "default"
2024-04-27T13:33:12.285+05:30  INFO 83212 --- [Online-Food-Ordering] [           main] .s.d.r.c.RepositoryConfigurationDelegate : Bootstrapping Spring Data JPA repositories in DEFAULT mode.
2024-04-27T13:33:12.439+05:30  INFO 83212 --- [Online-Food-Ordering] [           main] .s.d.r.c.RepositoryConfigurationDelegate : Finished Spring Data repository scanning in 144 ms. Found 11 JPA repository interfaces.
2024-04-27T13:33:13.207+05:30  INFO 83212 --- [Online-Food-Ordering] [           main] o.hibernate.jpa.internal.util.LogHelper  : HHH000204: Processing PersistenceUnitInfo [name: default]
2024-04-27T13:33:13.299+05:30  INFO 83212 --- [Online-Food-Ordering] [           main] org.hibernate.Version                    : HHH000412: Hibernate ORM core version 6.4.4.Final
2024-04-27T13:33:13.361+05:30  INFO 83212 --- [Online-Food-Ordering] [           main] o.h.c.internal.RegionFactoryInitiator    : HHH000026: Second-level cache disabled
2024-04-27T13:33:13.765+05:30  INFO 83212 --- [Online-Food-Ordering] [           main] o.s.o.j.p.SpringPersistenceUnitInfo      : No LoadTimeWeaver setup: ignoring JPA class transformer
2024-04-27T13:33:13.805+05:30  INFO 83212 --- [Online-Food-Ordering] [           main] com.zaxxer.hikari.HikariDataSource       : HikariPool-1 - Starting...
2024-04-27T13:33:14.377+05:30  INFO 83212 --- [Online-Food-Ordering] [           main] com.zaxxer.hikari.pool.HikariPool        : HikariPool-1 - Added connection com.mysql.cj.jdbc.ConnectionImpl@7417ef4f
2024-04-27T13:33:14.381+05:30  INFO 83212 --- [Online-Food-Ordering] [           main] com.zaxxer.hikari.HikariDataSource       : HikariPool-1 - Start completed.
2024-04-27T13:33:15.941+05:30  INFO 83212 --- [Online-Food-Ordering] [           main] o.h.e.t.j.p.i.JtaPlatformInitiator       : HHH000489: No JTA platform available (set 'hibernate.transaction.jta.platform' to enable JTA platform integration)
2024-04-27T13:33:16.259+05:30  INFO 83212 --- [Online-Food-Ordering] [           main] j.LocalContainerEntityManagerFactoryBean : Initialized JPA EntityManagerFactory for persistence unit 'default'
2024-04-27T13:33:16.754+05:30  INFO 83212 --- [Online-Food-Ordering] [           main] o.s.d.j.r.query.QueryEnhancerFactory     : Hibernate is in classpath; If applicable, HQL parser will be used.
2024-04-27T13:33:18.320+05:30  WARN 83212 --- [Online-Food-Ordering] [           main] JpaBaseConfiguration$JpaWebConfiguration : spring.jpa.open-in-view is enabled by default. Therefore, database queries may be performed during view rendering. Explicitly configure spring.jpa.open-in-view to disable this warning
2024-04-27T13:33:18.977+05:30  INFO 83212 --- [Online-Food-Ordering] [           main] o.s.s.web.DefaultSecurityFilterChain     : Will secure any request with [org.springframework.security.web.session.DisableEncodeUrlFilter@321d39cc, org.springframework.security.web.context.request.async.WebAsyncManagerIntegrationFilter@2bfe9344, org.springframework.security.web.context.SecurityContextHolderFilter@2627da4c, org.springframework.security.web.header.HeaderWriterFilter@4fad5e7, org.springframework.web.filter.CorsFilter@3de473d9, org.springframework.security.web.authentication.logout.LogoutFilter@1c89cec5, com.sundar.config.JwtTokenValidator@2fb3c642, org.springframework.security.web.savedrequest.RequestCacheAwareFilter@d89b0d3, org.springframework.security.web.servletapi.SecurityContextHolderAwareRequestFilter@18a129b8, org.springframework.security.web.authentication.AnonymousAuthenticationFilter@743b4921, org.springframework.security.web.session.SessionManagementFilter@54b1ba04, org.springframework.security.web.access.ExceptionTranslationFilter@685783b1, org.springframework.security.web.access.intercept.AuthorizationFilter@688e2e8d]
2024-04-27T13:33:19.642+05:30  INFO 83212 --- [Online-Food-Ordering] [           main] c.s.OnlineFoodOrderingApplicationTests   : Started OnlineFoodOrderingApplicationTests in 9.523 seconds (process running for 11.584)
]]></system-out>
    <system-err><![CDATA[WARNING: A Java agent has been loaded dynamically (C:\Users\SUNDAR\.m2\repository\net\bytebuddy\byte-buddy-agent\1.14.12\byte-buddy-agent-1.14.12.jar)
WARNING: If a serviceability tool is in use, please run with -XX:+EnableDynamicAgentLoading to hide this warning
WARNING: If a serviceability tool is not in use, please run with -Djdk.instrument.traceUsage for more information
WARNING: Dynamic loading of agents will be disallowed by default in a future release
]]></system-err>
  </testcase>
</testsuite>